<?xml version="1.0" encoding="UTF-8"?>
<!-- Generated by org.testng.reporters.JUnitXMLReporter -->
<testsuite ignored="0" hostname="DESKTOP-KBNET8L" failures="1" tests="1" name="Dependency Test" time="0.008" errors="0" timestamp="2022-10-22T05:59:04 IST">
  <testcase classname="TestCases.Validations" name="check" time="0.004">
    <failure type="java.lang.AssertionError" message="The following asserts failed:
	expected [showing] but found [Showing],
	expected [false] but found [true],
	expected [showing] but found [Showing],
	Element not found expected [true] but found [false],
	expected [false] but found [true]">
      <![CDATA[java.lang.AssertionError: The following asserts failed:
expected [showing] but found [Showing],
expected [false] but found [true],
expected [showing] but found [Showing],
Element not found expected [true] but found [false],
expected [false] but found [true]
at TestCases.Validations.check(Validations.java:41)
at java.base/java.util.ArrayList.forEach(ArrayList.java:1511)
... Removed 29 stack frames]]>
    </failure>
  </testcase> <!-- check -->
</testsuite> <!-- Dependency Test -->
